{ "msg_showcmd", "sl:1", "tick:254", false, { { 0, "j" } } }
{ "msg_showcmd", "sl:1", "tick:256", false, { { 0, "j" } } }
{ "msg_showcmd", "sl:1", "tick:258", false, { { 0, "j" } } }
{ "msg_showcmd", "sl:1", "tick:260", false, { { 0, "j" } } }
{ "msg_showcmd", "sl:1", "tick:262", false, { { 0, "j" } } }
{ "msg_showcmd", "sl:1", "tick:264", false, { { 0, "j" } } }
{ "msg_showcmd", "sl:1", "tick:266", false, { { 0, "j" } } }
{ "msg_showcmd", "sl:1", "tick:268", false, { { 0, "j" } } }
{ "msg_showcmd", "sl:1", "tick:270", false, { { 0, "j" } } }
{ "msg_showcmd", "sl:1", "tick:272", false, { { 0, "j" } } }
{ "msg_showcmd", "sl:1", "tick:274", false, { { 0, "j" } } }
{ "msg_showcmd", "sl:1", "tick:276", false, { { 0, "j" } } }
{ "msg_showcmd", "sl:1", "tick:278", false, { { 0, "j" } } }
{ "msg_showcmd", "sl:1", "tick:280", false, { { 0, "j" } } }
{ "msg_showcmd", "sl:1", "tick:282", false, { { 0, ":" } } }
{ "cmdline_show", "sl:1", "tick:283", "mode:c", { { 0, "" } } }
{ "cmdline_show", "sl:1", "tick:286", "mode:c", { { 0, "q" } } }
{ "cmdline_hide", "sl:1", "tick:288", false, 1 }
{ "msg_showcmd", "sl:1", "tick:289", false, { { 0, ":" } } }
{ "cmdline_show", "sl:1", "tick:290", "mode:c", { { 0, "" } } }
{ "cmdline_show", "sl:1", "tick:293", "mode:c", { { 0, "N" } } }
{ "cmdline_show", "sl:1", "tick:295", "mode:c", { { 0, "No" } } }
{ "cmdline_show", "sl:1", "tick:297", "mode:c", { { 0, "N" } } }
{ "cmdline_show", "sl:1", "tick:299", "mode:c", { { 0, "" } } }
{ "cmdline_hide", "sl:1", "tick:301", false, 1 }
{ "msg_showcmd", "sl:1", "tick:302", false, { { 0, "^[" } } }
{ "msg_showcmd", "sl:1", "tick:304", false, { { 0, "^[" } } }
{ "msg_showcmd", "sl:1", "tick:306", false, { { 0, ":" } } }
{ "cmdline_show", "sl:1", "tick:307", "mode:c", { { 0, "" } } }
{ "cmdline_show", "sl:1", "tick:310", "mode:c", { { 0, "c" } } }
{ "cmdline_hide", "sl:1", "tick:312", false, 1 }
{ "cmdline_show", "sl:1", "tick:313", "mode:c", { { 0, "        " } } }
{ "cmdline_show", "sl:1", "tick:315", "mode:c", { { 0, "        c" } } }
{ "cmdline_hide", "sl:1", "tick:317", "mode:c", 1 }
{ "cmdline_show", "sl:1", "tick:318", "mode:c", { { 0, "        " } } }
{ "cmdline_show", "sl:1", "tick:320", "mode:c", { { 0, "        c" } } }
{ "cmdline_hide", "sl:1", "tick:322", "mode:c", 1 }
{ "cmdline_show", "sl:1", "tick:323", "mode:c", { { 0, "        " } } }
{ "cmdline_hide", "sl:1", "tick:325", "mode:c", 1 }
{ "msg_showcmd", "sl:1", "tick:326", false, { { 0, "u" } } }
{ "msg_show", "sl:1", "tick:327", false, "" }
{ "msg_showcmd", "sl:1", "tick:330", false, { { 0, "u" } } }
{ "msg_show", "sl:1", "tick:331", false, "" }
{ "msg_showcmd", "sl:1", "tick:334", false, { { 0, "u" } } }
{ "msg_show", "sl:1", "tick:335", false, "" }
{ "msg_showcmd", "sl:1", "tick:338", false, { { 0, "u" } } }
{ "msg_showcmd", "sl:1", "tick:340", false, { { 0, "^[" } } }
{ "msg_showcmd", "sl:1", "tick:342", false, { { 0, "^[" } } }
{ "msg_showcmd", "sl:1", "tick:344", false, { { 0, "j" } } }
{ "msg_showcmd", "sl:1", "tick:346", false, { { 0, "j" } } }
{ "msg_showcmd", "sl:1", "tick:348", false, { { 0, "^[" } } }
{ "msg_showcmd", "sl:1", "tick:350", false, { { 0, "u" } } }
{ "msg_showcmd", "sl:1", "tick:352", false, { { 0, "u" } } }
{ "msg_showcmd", "sl:1", "tick:354", false, { { 0, "u" } } }
{ "msg_showcmd", "sl:1", "tick:356", false, { { 0, ":" } } }
{ "cmdline_show", "sl:1", "tick:357", "mode:c", { { 0, "" } } }
{ "cmdline_hide", "sl:1", "tick:360", false, 1 }
{ "msg_showcmd", "sl:1", "tick:361", false, { { 0, "j" } } }
{ "msg_showcmd", "sl:1", "tick:363", false, { { 0, "k" } } }
{ "msg_showcmd", "sl:1", "tick:365", false, { { 0, "k" } } }
{ "msg_showcmd", "sl:1", "tick:367", false, { { 0, "k" } } }
{ "msg_showcmd", "sl:1", "tick:369", false, { { 0, "j" } } }
{ "msg_showcmd", "sl:1", "tick:371", false, { { 0, ":" } } }
{ "cmdline_show", "sl:1", "tick:372", "mode:c", { { 0, "" } } }
{ "cmdline_hide", "sl:1", "tick:375", false, 1 }
{ "msg_showcmd", "sl:1", "tick:376", false, { { 0, ":" } } }
{ "cmdline_show", "sl:1", "tick:377", "mode:c", { { 0, "" } } }
{ "cmdline_hide", "sl:1", "tick:380", false, 1 }
{ "msg_showcmd", "sl:1", "tick:381", false, { { 0, "^[" } } }
{ "msg_showcmd", "sl:1", "tick:383", false, { { 0, "k" } } }
{ "msg_showcmd", "sl:1", "tick:385", false, { { 0, "j" } } }
{ "msg_showcmd", "sl:1", "tick:387", false, { { 0, "V" } } }
{ "msg_showcmd", "sl:1", "tick:388", false, { { 0, "1" } } }
{ "msg_showcmd", "sl:1", "tick:390", false, { { 0, "d" } } }
{ "msg_showcmd", "sl:1", "tick:392", false, { { 0, "^[" } } }
{ "msg_showcmd", "sl:1", "tick:394", false, { { 0, ":" } } }
{ "cmdline_show", "sl:1", "tick:395", "mode:c", { { 0, "" } } }
{ "cmdline_show", "sl:1", "tick:398", "mode:c", { { 0, "w" } } }
{ "cmdline_show", "sl:1", "tick:400", "mode:c", { { 0, "wq" } } }
{ "cmdline_show", "sl:1", "tick:402", "mode:c", { { 0, "w" } } }
{ "cmdline_show", "sl:1", "tick:404", "mode:c", { { 0, "wq" } } }
{ "cmdline_show", "sl:1", "tick:406", "mode:c", { { 0, "wqa" } } }
{ "cmdline_hide", "sl:1", "tick:408", false, 1 }
{ "msg_show", "sl:1", "tick:409", false, "" }
{ "msg_show", "sl:1", "tick:410", false, "" }
